2025-08-24 08:23:02.634 xcodebuild[10208:127051]  DVTFilePathFSEvents: Failed to start fs event stream.
2025-08-24 08:23:02.792 xcodebuild[10208:127039] [MT] DVTDeveloperPaths: Failed to get length of DARWIN_USER_CACHE_DIR from confstr(3), error = Error Domain=NSPOSIXErrorDomain Code=5 "Input/output error". Using NSCachesDirectory instead.
2025-08-24 08:23:03.134 xcodebuild[10208:127051] CoreSimulatorService connection became invalid.  Simulator services will no longer be available.
2025-08-24 08:23:03.134 xcodebuild[10208:127108] Logging connecton invalid: <OS_xpc_error: <dictionary: 0x1fa32abf0> { count = 1, transaction: 0, voucher = 0x0, contents =
	"XPCErrorDescription" => <string: 0x1fa32ad38> { length = 18, contents = "Connection invalid" }
}>
2025-08-24 08:23:03.136 xcodebuild[10208:127108] Error opening log file (/Users/shaun/Library/Logs/CoreSimulator/CoreSimulator.com.apple.dt.xcodebuild.log): Operation not permitted
[-[SimServiceContext sendRequest:]:1743] ERROR : Unable to deliver request ({
    "developer_dir" = "/Applications/Xcode.app/Contents/Developer";
    request = "set_developer_dir";
}) because we are not connected to CoreSimulatorService.
Command line invocation:
    /Applications/Xcode.app/Contents/Developer/usr/bin/xcodebuild -scheme FairSplit -destination "generic/platform=iOS Simulator" build

2025-08-24 08:23:03.208 xcodebuild[10208:127039] [MT] DVTAssertions: Warning in DVTFrameworks/DVTFoundation/FileTypes/DVTFileDataTypeDetection.m:75
Details:  detectedTypeIdentifier (com.apple.xml-property-list) does not conform to matchedTypeIdentifier in MagicFileDataTypeDetector extenson com.apple.property-list.  When both are specified, this conformance is required. extension.identifier:Xcode.MagicFileDataTypeDetector.XMLPlist
Object:   <DVTFileDataTypeDetectionMagicCache: 0x600000c99650>
Method:   -initWithExtension:
Thread:   <_NSMainThread: 0x6000015a0200>{number = 1, name = main}
Please file a bug at https://feedbackassistant.apple.com with this warning message and any useful information you can provide.
2025-08-24 08:23:03.209 xcodebuild[10208:127039] [MT] DVTAssertions: Warning in DVTFrameworks/DVTFoundation/FileTypes/DVTFileDataTypeDetection.m:75
Details:  detectedTypeIdentifier (com.apple.binary-property-list) does not conform to matchedTypeIdentifier in MagicFileDataTypeDetector extenson com.apple.property-list.  When both are specified, this conformance is required. extension.identifier:Xcode.MagicFileDataTypeDetector.BinaryPlist
Object:   <DVTFileDataTypeDetectionMagicCache: 0x600000c951d0>
Method:   -initWithExtension:
Thread:   <_NSMainThread: 0x6000015a0200>{number = 1, name = main}
Please file a bug at https://feedbackassistant.apple.com with this warning message and any useful information you can provide.
[-[SimServiceContext initWithDeveloperDir:connectionType:error:]:450] WARN  : Unable to discover any Simulator runtimes. Developer Directory is /Applications/Xcode.app/Contents/Developer.
[-[SimDiskImageManager init]:175] ERROR : Could not kickstart simdiskimaged; SimDiskImageManager services will not be available: Error Domain=NSPOSIXErrorDomain Code=53 "Software caused connection abort" UserInfo={NSLocalizedDescription=Error returned in reply from CoreSimulatorService: Connection invalid}
[-[SimDiskImageManager _onQueue_checkConnection:]:239] ERROR : simdiskimaged returned error (invalid), marking disconnected.
[-[SimServiceContext initWithDeveloperDir:connectionType:error:]_block_invoke:486] ERROR : Could not get list of trusted mount directories: Error Domain=com.apple.CoreSimulator.SimError Code=410 "The service used to manage runtime disk images (simdiskimaged) crashed or is not responding" UserInfo={NSLocalizedDescription=The service used to manage runtime disk images (simdiskimaged) crashed or is not responding}
[-[SimDiskImageManager _onQueue_checkConnection:]:239] ERROR : simdiskimaged returned error (invalid), marking disconnected.
[-[SimServiceContext sendRequest:reply:error:]:1763] ERROR : Unable to deliver request ({
    request = "notification_subscription";
    "set_path" = "~/Library/Developer/CoreSimulator/Devices";
}) because we are not connected to CoreSimulatorService.
2025-08-24 08:23:03.295 xcodebuild[10208:127050] Error Domain=NSPOSIXErrorDomain Code=61 "Connection refused" UserInfo={NSLocalizedDescription=CoreSimulatorService connection became invalid.  Simulator services will no longer be available.}
[-[SimServiceContext sendRequest:reply:error:]:1763] ERROR : Unable to deliver request ({
    request = "notification_subscription";
    "set_path" = "~/Library/Developer/CoreSimulator/Devices";
}) because we are not connected to CoreSimulatorService.
2025-08-24 08:23:03.297 xcodebuild[10208:127050]  IDESimulatorAvailability: startObservingSimulatorUpdates() FAILED to register SimDeviceSet observer
2025-08-24 08:23:03.297 xcodebuild[10208:127111] Error Domain=NSPOSIXErrorDomain Code=61 "Connection refused" UserInfo={NSLocalizedDescription=CoreSimulatorService connection became invalid.  Simulator services will no longer be available.}
2025-08-24 08:23:03.297 xcodebuild[10208:127111]  iOSSimulator: [SimServiceContext defaultDeviceSetWithError:] returned nil (Error Domain=NSPOSIXErrorDomain Code=61 "Connection refused" UserInfo={NSLocalizedFailureReason=Failed to subscribe to notifications from CoreSimulatorService., NSLocalizedDescription=Failed to initialize simulator device set., NSUnderlyingError=0x600000c641b0 {Error Domain=NSPOSIXErrorDomain Code=61 "Connection refused" UserInfo={NSLocalizedDescription=CoreSimulatorService connection became invalid.  Simulator services will no longer be available.}}}). Simulator device support disabled.
2025-08-24 08:23:03.332 xcodebuild[10208:127111]  IDELogStore: Unable to remove item at path /Users/shaun/Library/Developer/Xcode/DerivedData/FairSplit-dtvhysclyqxhyofqprrakvtpcbin/Logs/Build/B66D2074-7F21-4842-9C89-F3A8AF3E1DFC.xcactivitylog: Error Domain=NSCocoaErrorDomain Code=513 "“B66D2074-7F21-4842-9C89-F3A8AF3E1DFC.xcactivitylog” couldn’t be removed because you don’t have permission to access it." UserInfo={NSUserStringVariant=(
    Remove
), NSFilePath=/Users/shaun/Library/Developer/Xcode/DerivedData/FairSplit-dtvhysclyqxhyofqprrakvtpcbin/Logs/Build/B66D2074-7F21-4842-9C89-F3A8AF3E1DFC.xcactivitylog, NSURL=file:///Users/shaun/Library/Developer/Xcode/DerivedData/FairSplit-dtvhysclyqxhyofqprrakvtpcbin/Logs/Build/B66D2074-7F21-4842-9C89-F3A8AF3E1DFC.xcactivitylog, NSUnderlyingError=0x600000c8f120 {Error Domain=NSPOSIXErrorDomain Code=1 "Operation not permitted"}}
2025-08-24 08:23:03.332 xcodebuild[10208:127111]  IDELogStore: Unable to remove item at path /Users/shaun/Library/Developer/Xcode/DerivedData/FairSplit-dtvhysclyqxhyofqprrakvtpcbin/Logs/Build/D852A7FD-A60C-4822-89A4-ABD6FFEA8811.xcactivitylog: Error Domain=NSCocoaErrorDomain Code=513 "“D852A7FD-A60C-4822-89A4-ABD6FFEA8811.xcactivitylog” couldn’t be removed because you don’t have permission to access it." UserInfo={NSUserStringVariant=(
    Remove
), NSFilePath=/Users/shaun/Library/Developer/Xcode/DerivedData/FairSplit-dtvhysclyqxhyofqprrakvtpcbin/Logs/Build/D852A7FD-A60C-4822-89A4-ABD6FFEA8811.xcactivitylog, NSURL=file:///Users/shaun/Library/Developer/Xcode/DerivedData/FairSplit-dtvhysclyqxhyofqprrakvtpcbin/Logs/Build/D852A7FD-A60C-4822-89A4-ABD6FFEA8811.xcactivitylog, NSUnderlyingError=0x600000cb5a10 {Error Domain=NSPOSIXErrorDomain Code=1 "Operation not permitted"}}
2025-08-24 08:23:03.333 xcodebuild[10208:127039] [MT] IDELogStore: Failed to open log store at /Users/shaun/Library/Developer/Xcode/DerivedData/FairSplit-dtvhysclyqxhyofqprrakvtpcbin/Logs/Build
2025-08-24 08:23:03.333 xcodebuild[10208:127039] [MT] IDELogStore: Failed to open Build log store: Error Domain=NSCocoaErrorDomain Code=513 "You don’t have permission to save the file “LogStoreManifest.plist” in the folder “Build”." UserInfo={NSUserStringVariant=Folder, NSURL=file:///Users/shaun/Library/Developer/Xcode/DerivedData/FairSplit-dtvhysclyqxhyofqprrakvtpcbin/Logs/Build/LogStoreManifest.plist, NSUnderlyingError=0x600000cb8cc0 {Error Domain=NSPOSIXErrorDomain Code=1 "Operation not permitted"}}. User info: {
    NSURL = "file:///Users/shaun/Library/Developer/Xcode/DerivedData/FairSplit-dtvhysclyqxhyofqprrakvtpcbin/Logs/Build/LogStoreManifest.plist";
    NSUnderlyingError = "Error Domain=NSPOSIXErrorDomain Code=1 \"Operation not permitted\"";
    NSUserStringVariant = Folder;
}.
Build Preparation
Couldn't create workspace arena folder '/Users/shaun/Library/Developer/Xcode/DerivedData/FairSplit-dtvhysclyqxhyofqprrakvtpcbin': Unable to write to info file '<DVTFilePath:0x6000024120a0:'/Users/shaun/Library/Developer/Xcode/DerivedData/FairSplit-dtvhysclyqxhyofqprrakvtpcbin/info.plist'>'.

** BUILD FAILED **


The following build commands failed:
	Building project FairSplit with scheme FairSplit
(1 failure)
