2025-08-24 08:08:49.173 xcodebuild[8242:107463]  DVTFilePathFSEvents: Failed to start fs event stream.
2025-08-24 08:08:49.337 xcodebuild[8242:107458] [MT] DVTDeveloperPaths: Failed to get length of DARWIN_USER_CACHE_DIR from confstr(3), error = Error Domain=NSPOSIXErrorDomain Code=5 "Input/output error". Using NSCachesDirectory instead.
2025-08-24 08:08:49.633 xcodebuild[8242:107463] CoreSimulatorService connection became invalid.  Simulator services will no longer be available.
2025-08-24 08:08:49.633 xcodebuild[8242:107518] Logging connecton invalid: <OS_xpc_error: <dictionary: 0x1fa32abf0> { count = 1, transaction: 0, voucher = 0x0, contents =
	"XPCErrorDescription" => <string: 0x1fa32ad38> { length = 18, contents = "Connection invalid" }
}>
2025-08-24 08:08:49.652 xcodebuild[8242:107518] Error opening log file (/Users/shaun/Library/Logs/CoreSimulator/CoreSimulator.com.apple.dt.xcodebuild.log): Operation not permitted
[-[SimServiceContext sendRequest:]:1743] ERROR : Unable to deliver request ({
    "developer_dir" = "/Applications/Xcode.app/Contents/Developer";
    request = "set_developer_dir";
}) because we are not connected to CoreSimulatorService.
Command line invocation:
    /Applications/Xcode.app/Contents/Developer/usr/bin/xcodebuild -scheme FairSplit -destination "generic/platform=iOS Simulator" build

2025-08-24 08:08:49.685 xcodebuild[8242:107458] [MT] DVTAssertions: Warning in DVTFrameworks/DVTFoundation/FileTypes/DVTFileDataTypeDetection.m:75
Details:  detectedTypeIdentifier (com.apple.binary-property-list) does not conform to matchedTypeIdentifier in MagicFileDataTypeDetector extenson com.apple.property-list.  When both are specified, this conformance is required. extension.identifier:Xcode.MagicFileDataTypeDetector.BinaryPlist
Object:   <DVTFileDataTypeDetectionMagicCache: 0x6000003db120>
Method:   -initWithExtension:
Thread:   <_NSMainThread: 0x600001af0040>{number = 1, name = main}
Please file a bug at https://feedbackassistant.apple.com with this warning message and any useful information you can provide.
2025-08-24 08:08:49.687 xcodebuild[8242:107458] [MT] DVTAssertions: Warning in DVTFrameworks/DVTFoundation/FileTypes/DVTFileDataTypeDetection.m:75
Details:  detectedTypeIdentifier (com.apple.xml-property-list) does not conform to matchedTypeIdentifier in MagicFileDataTypeDetector extenson com.apple.property-list.  When both are specified, this conformance is required. extension.identifier:Xcode.MagicFileDataTypeDetector.XMLPlist
Object:   <DVTFileDataTypeDetectionMagicCache: 0x6000003c41e0>
Method:   -initWithExtension:
Thread:   <_NSMainThread: 0x600001af0040>{number = 1, name = main}
Please file a bug at https://feedbackassistant.apple.com with this warning message and any useful information you can provide.
[-[SimServiceContext initWithDeveloperDir:connectionType:error:]:450] WARN  : Unable to discover any Simulator runtimes. Developer Directory is /Applications/Xcode.app/Contents/Developer.
[-[SimDiskImageManager init]:175] ERROR : Could not kickstart simdiskimaged; SimDiskImageManager services will not be available: Error Domain=NSPOSIXErrorDomain Code=53 "Software caused connection abort" UserInfo={NSLocalizedDescription=Error returned in reply from CoreSimulatorService: Connection invalid}
[-[SimDiskImageManager _onQueue_checkConnection:]:239] ERROR : simdiskimaged returned error (invalid), marking disconnected.
[-[SimServiceContext initWithDeveloperDir:connectionType:error:]_block_invoke:486] ERROR : Could not get list of trusted mount directories: Error Domain=com.apple.CoreSimulator.SimError Code=410 "The service used to manage runtime disk images (simdiskimaged) crashed or is not responding" UserInfo={NSLocalizedDescription=The service used to manage runtime disk images (simdiskimaged) crashed or is not responding}
[-[SimDiskImageManager _onQueue_checkConnection:]:239] ERROR : simdiskimaged returned error (invalid), marking disconnected.
[-[SimServiceContext sendRequest:reply:error:]:1763] ERROR : Unable to deliver request ({
    request = "notification_subscription";
    "set_path" = "~/Library/Developer/CoreSimulator/Devices";
}) because we are not connected to CoreSimulatorService.
2025-08-24 08:08:49.765 xcodebuild[8242:107462] Error Domain=NSPOSIXErrorDomain Code=61 "Connection refused" UserInfo={NSLocalizedDescription=CoreSimulatorService connection became invalid.  Simulator services will no longer be available.}
[-[SimServiceContext sendRequest:reply:error:]:1763] ERROR : Unable to deliver request ({
    request = "notification_subscription";
    "set_path" = "~/Library/Developer/CoreSimulator/Devices";
}) because we are not connected to CoreSimulatorService.
2025-08-24 08:08:49.767 xcodebuild[8242:107462]  IDESimulatorAvailability: startObservingSimulatorUpdates() FAILED to register SimDeviceSet observer
2025-08-24 08:08:49.767 xcodebuild[8242:107518] Error Domain=NSPOSIXErrorDomain Code=61 "Connection refused" UserInfo={NSLocalizedDescription=CoreSimulatorService connection became invalid.  Simulator services will no longer be available.}
2025-08-24 08:08:49.767 xcodebuild[8242:107518]  iOSSimulator: [SimServiceContext defaultDeviceSetWithError:] returned nil (Error Domain=NSPOSIXErrorDomain Code=61 "Connection refused" UserInfo={NSLocalizedFailureReason=Failed to subscribe to notifications from CoreSimulatorService., NSLocalizedDescription=Failed to initialize simulator device set., NSUnderlyingError=0x6000003186f0 {Error Domain=NSPOSIXErrorDomain Code=61 "Connection refused" UserInfo={NSLocalizedDescription=CoreSimulatorService connection became invalid.  Simulator services will no longer be available.}}}). Simulator device support disabled.
Build Preparation
Couldn't create workspace arena folder '/Users/shaun/Library/Developer/Xcode/DerivedData/FairSplit-dtvhysclyqxhyofqprrakvtpcbin': Unable to write to info file '<DVTFilePath:0x600002b5a7c0:'/Users/shaun/Library/Developer/Xcode/DerivedData/FairSplit-dtvhysclyqxhyofqprrakvtpcbin/info.plist'>'.

** BUILD FAILED **


The following build commands failed:
	Building project FairSplit with scheme FairSplit
(1 failure)
2025-08-24 08:08:49.872 xcodebuild[8242:107518] Error saving log: Error Domain=NSPOSIXErrorDomain Code=1 "Operation not permitted" UserInfo={NSFilePath=/Users/shaun/Library/Developer/Xcode/DerivedData/FairSplit-dtvhysclyqxhyofqprrakvtpcbin/Logs/Build/A3E18A01-659C-4B80-BD36-2537B6DB4F63.xcactivitylog, NSLocalizedDescription=Operation not permitted} | User info: {
    NSFilePath = "/Users/shaun/Library/Developer/Xcode/DerivedData/FairSplit-dtvhysclyqxhyofqprrakvtpcbin/Logs/Build/A3E18A01-659C-4B80-BD36-2537B6DB4F63.xcactivitylog";
    NSLocalizedDescription = "Operation not permitted";
}
