2025-08-24 08:08:04.100 xcodebuild[7959:106331]  DVTFilePathFSEvents: Failed to start fs event stream.
2025-08-24 08:08:04.203 xcodebuild[7959:106327] [MT] DVTDeveloperPaths: Failed to get length of DARWIN_USER_CACHE_DIR from confstr(3), error = Error Domain=NSPOSIXErrorDomain Code=5 "Input/output error". Using NSCachesDirectory instead.
2025-08-24 08:08:04.509 xcodebuild[7959:106375] CoreSimulatorService connection became invalid.  Simulator services will no longer be available.
2025-08-24 08:08:04.510 xcodebuild[7959:106377] Logging connecton invalid: <OS_xpc_error: <dictionary: 0x1fa32abf0> { count = 1, transaction: 0, voucher = 0x0, contents =
	"XPCErrorDescription" => <string: 0x1fa32ad38> { length = 18, contents = "Connection invalid" }
}>
2025-08-24 08:08:04.511 xcodebuild[7959:106376] Error opening log file (/Users/shaun/Library/Logs/CoreSimulator/CoreSimulator.com.apple.dt.xcodebuild.log): Operation not permitted
[-[SimServiceContext sendRequest:]:1743] ERROR : Unable to deliver request ({
    "developer_dir" = "/Applications/Xcode.app/Contents/Developer";
    request = "set_developer_dir";
}) because we are not connected to CoreSimulatorService.
Command line invocation:
    /Applications/Xcode.app/Contents/Developer/usr/bin/xcodebuild -scheme FairSplit -destination "generic/platform=iOS Simulator" build

2025-08-24 08:08:04.570 xcodebuild[7959:106327] [MT] DVTAssertions: Warning in DVTFrameworks/DVTFoundation/FileTypes/DVTFileDataTypeDetection.m:75
Details:  detectedTypeIdentifier (com.apple.xml-property-list) does not conform to matchedTypeIdentifier in MagicFileDataTypeDetector extenson com.apple.property-list.  When both are specified, this conformance is required. extension.identifier:Xcode.MagicFileDataTypeDetector.XMLPlist
Object:   <DVTFileDataTypeDetectionMagicCache: 0x6000032bfed0>
Method:   -initWithExtension:
Thread:   <_NSMainThread: 0x600002ba4200>{number = 1, name = main}
Please file a bug at https://feedbackassistant.apple.com with this warning message and any useful information you can provide.
2025-08-24 08:08:04.571 xcodebuild[7959:106327] [MT] DVTAssertions: Warning in DVTFrameworks/DVTFoundation/FileTypes/DVTFileDataTypeDetection.m:75
Details:  detectedTypeIdentifier (com.apple.binary-property-list) does not conform to matchedTypeIdentifier in MagicFileDataTypeDetector extenson com.apple.property-list.  When both are specified, this conformance is required. extension.identifier:Xcode.MagicFileDataTypeDetector.BinaryPlist
Object:   <DVTFileDataTypeDetectionMagicCache: 0x600003291050>
Method:   -initWithExtension:
Thread:   <_NSMainThread: 0x600002ba4200>{number = 1, name = main}
Please file a bug at https://feedbackassistant.apple.com with this warning message and any useful information you can provide.
[-[SimServiceContext initWithDeveloperDir:connectionType:error:]:450] WARN  : Unable to discover any Simulator runtimes. Developer Directory is /Applications/Xcode.app/Contents/Developer.
[-[SimDiskImageManager init]:175] ERROR : Could not kickstart simdiskimaged; SimDiskImageManager services will not be available: Error Domain=NSPOSIXErrorDomain Code=53 "Software caused connection abort" UserInfo={NSLocalizedDescription=Error returned in reply from CoreSimulatorService: Connection invalid}
[-[SimDiskImageManager _onQueue_checkConnection:]:239] ERROR : simdiskimaged returned error (invalid), marking disconnected.
[-[SimServiceContext initWithDeveloperDir:connectionType:error:]_block_invoke:486] ERROR : Could not get list of trusted mount directories: Error Domain=com.apple.CoreSimulator.SimError Code=410 "The service used to manage runtime disk images (simdiskimaged) crashed or is not responding" UserInfo={NSLocalizedDescription=The service used to manage runtime disk images (simdiskimaged) crashed or is not responding}
[-[SimDiskImageManager _onQueue_checkConnection:]:239] ERROR : simdiskimaged returned error (invalid), marking disconnected.
[-[SimServiceContext sendRequest:reply:error:]:1763] ERROR : Unable to deliver request ({
    request = "notification_subscription";
    "set_path" = "~/Library/Developer/CoreSimulator/Devices";
}) because we are not connected to CoreSimulatorService.
2025-08-24 08:08:04.655 xcodebuild[7959:106376] Error Domain=NSPOSIXErrorDomain Code=61 "Connection refused" UserInfo={NSLocalizedDescription=CoreSimulatorService connection became invalid.  Simulator services will no longer be available.}
2025-08-24 08:08:04.656 xcodebuild[7959:106376]  iOSSimulator: [SimServiceContext defaultDeviceSetWithError:] returned nil (Error Domain=NSPOSIXErrorDomain Code=61 "Connection refused" UserInfo={NSLocalizedFailureReason=Failed to subscribe to notifications from CoreSimulatorService., NSLocalizedDescription=Failed to initialize simulator device set., NSUnderlyingError=0x6000032501e0 {Error Domain=NSPOSIXErrorDomain Code=61 "Connection refused" UserInfo={NSLocalizedDescription=CoreSimulatorService connection became invalid.  Simulator services will no longer be available.}}}). Simulator device support disabled.
[-[SimServiceContext sendRequest:reply:error:]:1763] ERROR : Unable to deliver request ({
    request = "notification_subscription";
    "set_path" = "~/Library/Developer/CoreSimulator/Devices";
}) because we are not connected to CoreSimulatorService.
2025-08-24 08:08:04.656 xcodebuild[7959:106367] Error Domain=NSPOSIXErrorDomain Code=61 "Connection refused" UserInfo={NSLocalizedDescription=CoreSimulatorService connection became invalid.  Simulator services will no longer be available.}
2025-08-24 08:08:04.657 xcodebuild[7959:106367]  IDESimulatorAvailability: startObservingSimulatorUpdates() FAILED to register SimDeviceSet observer
Build Preparation
Couldn't create workspace arena folder '/Users/shaun/Library/Developer/Xcode/DerivedData/FairSplit-dtvhysclyqxhyofqprrakvtpcbin': Unable to write to info file '<DVTFilePath:0x600001a1fd80:'/Users/shaun/Library/Developer/Xcode/DerivedData/FairSplit-dtvhysclyqxhyofqprrakvtpcbin/info.plist'>'.

** BUILD FAILED **


The following build commands failed:
	Building project FairSplit with scheme FairSplit
(1 failure)
